make.exe all -f c:\Users\anugr\Narumi-SISTERs\src --print-data-base --no-builtin-variables --no-builtin-rules --question
# GNU Make 3.81
# Copyright (C) 2006  Free Software Foundation, Inc.
# This is free software; see the source for copying conditions.
# There is NO warranty; not even for MERCHANTABILITY or FITNESS FOR A
# PARTICULAR PURPOSE.

# This program built for i386-pc-mingw32
 
make.exe: c:\Users\anugr\Narumi-SISTERs\src: No such file or directory
make.exe: *** No rule to make target `c:\Users\anugr\Narumi-SISTERs\src'.  Stop.


# Make data base, printed on Sun Jul 03 11:58:12 2022

# Variables

# automatic
<D = $(patsubst %/,%,$(dir $<))
# automatic
?F = $(notdir $?)
# makefile
MAKEFLAGS = Rrp
# environment
VSCODE_LOG_NATIVE = false
# automatic
?D = $(patsubst %/,%,$(dir $?))
# automatic
@D = $(patsubst %/,%,$(dir $@))
# environment
HOMEDRIVE = C:
# automatic
@F = $(notdir $@)
# automatic
^D = $(patsubst %/,%,$(dir $^))
# makefile
CURDIR := c:/Users/anugr/Narumi-SISTERs
# default
SHELL := sh.exe
# environment
CLION = C:\Program Files\JetBrains\CLion 2021.3.2\bin;
# environment
WINDIR = C:\WINDOWS
# environment
VSCODE_NLS_CONFIG = {"locale":"en-us","availableLanguages":{},"_languagePackSupport":true}
# environment
VBOX_MSI_INSTALL_PATH = C:\Program Files\Oracle\VirtualBox\
# environment
ONEDRIVE = C:\Users\anugr\OneDrive - Institut Teknologi Bandung
# environment
PATHEXT = .COM;.EXE;.BAT;.CMD;.VBS;.VBE;.JS;.JSE;.WSF;.WSH;.MSC
# makefile
MAKEFILE_LIST := 
# environment
FPS_BROWSER_USER_PROFILE_STRING = Default
# environment
TMP = C:\Users\anugr\AppData\Local\Temp
# environment
VSCODE_VERBOSE_LOGGING = true
# environment
PROGRAMW6432 = C:\Program Files
# environment
PROGRAMDATA = C:\ProgramData
# environment
VSCODE_IPC_HOOK_EXTHOST = \\.\pipe\vscode-ipc-122a9ad6-43d4-4220-8cc8-9a2a1a368535-sock
# environment
VSCODE_CWD = C:\Users\anugr\AppData\Local\Programs\Microsoft VS Code
# environment
PATH = C:\Program Files\Amazon Corretto\jdk1.8.0_322\bin;C:\Program Files\Common Files\Oracle\Java\javapath;C:\Program Files (x86)\Common Files\Oracle\Java\javapath;C:\Windows\system32;C:\Windows;C:\Windows\System32\Wbem;C:\Windows\System32\WindowsPowerShell\v1.0\;C:\Windows\System32\OpenSSH\;C:\Program Files (x86)\NVIDIA Corporation\PhysX\Common;C:\Program Files\NVIDIA Corporation\NVIDIA NvDLISR;C:\Program Files\Microsoft SQL Server\130\Tools\Binn\;C:\Program Files\OpenVPN\bin;C:\Program Files\dotnet\;C:\Program Files\nodejs\;C:\ProgramData\chocolatey\bin;C:\WINDOWS\system32;C:\WINDOWS;C:\WINDOWS\System32\Wbem;C:\WINDOWS\System32\WindowsPowerShell\v1.0\;C:\WINDOWS\System32\OpenSSH\;C:\Program Files (x86)\Windows Live\Shared;C:\Program Files (x86)\dotnet\;C:\Program Files\Microsoft SQL Server\Client SDK\ODBC\170\Tools\Binn\;C:\Program Files\CMake\bin;C:\ProgramData\ComposerSetup\bin;C:\Program Files\Git\cmd;C:\Program Files\Docker\Docker\resources\bin;C:\ProgramData\DockerDesktop\version-bin;C:\Program Files\MySQL\MySQL Shell 8.0\bin\;C:\Users\anugr\AppData\Local\Programs\Python\Python38-32\Scripts\;C:\Users\anugr\AppData\Local\Programs\Python\Python38-32\;C:\Users\anugr\AppData\Local\Microsoft\WindowsApps;C:\Users\anugr\.dotnet\tools;C:\Users\anugr\AppData\Roaming\npm;C:\Users\anugr\AppData\Roaming\cabal\bin;C:\ProgramData\chocolatey\lib\ghc\tools\ghc-8.10.3\bin;C:\tools\msys64;C:\src\flutter\bin;C:\MinGW\bin;C:\Program Files\JetBrains\IntelliJ IDEA Community Edition 2021.2.1\bin;;C:\Users\anugr\AppData\Local\Programs\Microsoft VS Code\bin;C:\Users\anugr\AppData\Local\GitHubDesktop\bin;C:\Program Files\swipl\bin;C:\Program Files (x86)\GnuWin32\bin;C:\php;C:\Users\anugr\AppData\Roaming\Composer\vendor\bin;C:\Program Files\JetBrains\CLion 2021.3.2\bin;;C:\Users\anugr\AppData\Local\JetBrains\DataGrip 2021.3.4\bin;;C:\xampp\mysql\bin;
# environment
COMMONPROGRAMW6432 = C:\Program Files\Common Files
# environment
CHOCOLATEYLASTPATHUPDATE = 132568152577427645
# environment
PROCESSOR_ARCHITECTURE = x86
# environment
USERPROFILE = C:\Users\anugr
# environment
CHOCOLATEYINSTALL = C:\ProgramData\chocolatey
# environment
ALLUSERSPROFILE = C:\ProgramData
# environment
VSCODE_LOG_STACK = false
# environment
NUMBER_OF_PROCESSORS = 8
# environment
ELECTRON_RUN_AS_NODE = 1
# default
.FEATURES := target-specific order-only second-expansion else-if archives
# automatic
%F = $(notdir $%)
# environment
CHROME_CRASHPAD_PIPE_NAME = \\.\pipe\crashpad_7024_KHSMBFAXGYZMGWAE
# environment
VSCODE_PIPE_LOGGING = true
# environment
COMPUTERNAME = LAPTOP-CB02TJK4
# environment
PROGRAMFILES = C:\Program Files (x86)
# environment
DRIVERDATA = C:\Windows\System32\Drivers\DriverData
# environment
ORIGINAL_XDG_CURRENT_DESKTOP = undefined
# environment
USERNAME = anugr
# environment
PUBLIC = C:\Users\Public
# environment
VSCODE_AMD_ENTRYPOINT = vs/workbench/api/node/extensionHostProcess
# environment
CHOCOLATEYTOOLSLOCATION = C:\tools
# environment
VSCODE_CODE_CACHE_PATH = C:\Users\anugr\AppData\Roaming\Code\CachedData\30d9c6cd9483b2cc586687151bcbcd635f373630
# environment
APPLICATION_INSIGHTS_NO_DIAGNOSTIC_CHANNEL = 1
# environment
COMMONPROGRAMFILES = C:\Program Files (x86)\Common Files
# environment
LOGONSERVER = \\LAPTOP-CB02TJK4
# environment
ONEDRIVECONSUMER = C:\Users\anugr\OneDrive
# environment
VSCODE_HANDLES_UNCAUGHT_ERRORS = true
# environment
USERDOMAIN = LAPTOP-CB02TJK4
# environment
INTELLIJ IDEA COMMUNITY EDITION = C:\Program Files\JetBrains\IntelliJ IDEA Community Edition 2021.2.1\bin;
# default
MAKE = $(MAKE_COMMAND)
# default
MAKECMDGOALS := all
# environment
JAVA_HOME = C:\Program Files\Amazon Corretto\jdk1.8.0_322
# environment
ONEDRIVECOMMERCIAL = C:\Users\anugr\OneDrive - Institut Teknologi Bandung
# default
MAKE_VERSION := 3.81
# makefile
.DEFAULT_GOAL := 
# environment
PROGRAMFILES(X86) = C:\Program Files (x86)
# automatic
%D = $(patsubst %/,%,$(dir $%))
# environment
LOCALAPPDATA = C:\Users\anugr\AppData\Local
# environment
PSMODULEPATH = C:\Program Files\WindowsPowerShell\Modules;C:\WINDOWS\system32\WindowsPowerShell\v1.0\Modules
# default
MAKE_COMMAND := make.exe
# environment
PROCESSOR_ARCHITEW6432 = AMD64
# default
.VARIABLES := 
# automatic
*F = $(notdir $*)
# environment
PROCESSOR_IDENTIFIER = Intel64 Family 6 Model 142 Stepping 12, GenuineIntel
# environment
OS = Windows_NT
# environment
VSCODE_IPC_HOOK = \\.\pipe\5c52ec03cc4fa8198a35acbdda92da1f-1.68.1-main-sock
# environment
HOMEPATH = \Users\anugr
# environment
COMMONPROGRAMFILES(X86) = C:\Program Files (x86)\Common Files
# environment
PROMPT = $P$G
# environment
MFLAGS = -Rrp
# automatic
*D = $(patsubst %/,%,$(dir $*))
# environment
SYSTEMROOT = C:\WINDOWS
# environment
_MSYS2_PREFIX = x86_64
# automatic
+D = $(patsubst %/,%,$(dir $+))
# automatic
+F = $(notdir $+)
# environment
APPDATA = C:\Users\anugr\AppData\Roaming
# environment
TEMP = C:\Users\anugr\AppData\Local\Temp
# environment
COMSPEC = C:\WINDOWS\system32\cmd.exe
# default
MAKEFILES := 
# automatic
<F = $(notdir $<)
# environment
VS160COMCOMNTOOLS = C:\Program Files (x86)\Microsoft Visual Studio\2019\Community\Common7\Tools\
# environment
LC_ALL = C
# environment
DATAGRIP = C:\Users\anugr\AppData\Local\JetBrains\DataGrip 2021.3.4\bin;
# automatic
^F = $(notdir $^)
# default
SUFFIXES := 
# environment
SYSTEMDRIVE = C:
# environment
SESSIONNAME = Console
# environment
PROCESSOR_REVISION = 8e0c
# environment
MAKELEVEL := 0
# environment
_MSYS2_BASH = C:\tools\msys64\usr\bin\bash.exe
# environment
LANG = C
# environment
PROCESSOR_LEVEL = 6
# environment
FPS_BROWSER_APP_PROFILE_STRING = Internet Explorer
# environment
VSCODE_PID = 7024
# environment
USERDOMAIN_ROAMINGPROFILE = LAPTOP-CB02TJK4
# variable set hash-table stats:
# Load=101/1024=10%, Rehash=0, Collisions=8/116=7%

# Pattern-specific Variable Values

# No pattern-specific variable values.

# Directories

# : could not be stat'd.
# C:\Program Files\Common Files\Oracle\Java\javapath (key C:/Program Files/Common Files/Oracle/Java/javapath, mtime 1631689028): 6 files, no impossibilities.
# C:\Program Files\Docker\Docker\resources\bin (key C:/Program Files/Docker/Docker/resources/bin, mtime 1649318002): 13 files, no impossibilities.
# C:\Users\anugr\AppData\Local\Programs\Python\Python38-32\ (key C:/Users/anugr/AppData/Local/Programs/Python/Python38-32/, mtime 1638524596): 24 files, no impossibilities.
# C:\Windows\System32\WindowsPowerShell\v1.0\ (key C:/Windows/System32/WindowsPowerShell/v1.0/, mtime 1618776532): 32 files, no impossibilities.
# C:\Windows\System32\Wbem (key C:/Windows/System32/Wbem, mtime 1655398040): 158 files, no impossibilities.
# . (key c:/Users/anugr/Narumi-SISTERs, mtime 1656763319): 11 files, no impossibilities.
# C:\Users\anugr\AppData\Local\Programs\Python\Python38-32\Scripts\ (key C:/Users/anugr/AppData/Local/Programs/Python/Python38-32/Scripts/, mtime 1652110150): 94 files, no impossibilities.
# C:\Program Files\JetBrains\IntelliJ IDEA Community Edition 2021.2.1\bin (key C:/Program Files/JetBrains/IntelliJ IDEA Community Edition 2021.2.1/bin, mtime 1633054607): 31 files, no impossibilities.
# C:\php (key C:/php, mtime 1640831302): 40 files, no impossibilities.
# C:\Program Files\nodejs\ (key C:/Program Files/nodejs/, mtime 1607403819): 11 files, no impossibilities.
# C:\Program Files (x86)\NVIDIA Corporation\PhysX\Common (key C:/Program Files (x86)/NVIDIA Corporation/PhysX/Common, mtime 1572541679): 10 files, no impossibilities.
# C:\src\flutter\bin (key C:/src/flutter/bin, mtime 1622210753): 9 files, no impossibilities.
# C:\ProgramData\chocolatey\bin (key C:/ProgramData/chocolatey/bin, mtime 1612341009): 15 files, no impossibilities.
# C:\Program Files\dotnet\ (key C:/Program Files/dotnet/, mtime 1655358802): 11 files, no impossibilities.
# C:\Program Files (x86)\Windows Live\Shared (key C:/Program Files (x86)/Windows Live/Shared, mtime 1621935898): 23 files, no impossibilities.
# C:\xampp\mysql\bin (key C:/xampp/mysql/bin, mtime 1643643686): 90 files, no impossibilities.
# C:\MinGW\bin (key C:/MinGW/bin, mtime 1636507782): 145 files, no impossibilities.
# C:\Program Files\MySQL\MySQL Shell 8.0\bin\ (key C:/Program Files/MySQL/MySQL Shell 8.0/bin/, mtime 1650643962): 9 files, no impossibilities.
# C:\Program Files\OpenVPN\bin (key C:/Program Files/OpenVPN/bin, mtime 1602469727): 13 files, no impossibilities.
# C:\Windows\System32\OpenSSH\: could not be stat'd.
# C:\ProgramData\ComposerSetup\bin (key C:/ProgramData/ComposerSetup/bin, mtime 1640835629): 5 files, no impossibilities.
# C:\Program Files (x86)\Common Files\Oracle\Java\javapath (key C:/Program Files (x86)/Common Files/Oracle/Java/javapath, mtime 1641096020): 5 files, no impossibilities.
# C:\Users\anugr\AppData\Local\JetBrains\DataGrip 2021.3.4\bin (key C:/Users/anugr/AppData/Local/JetBrains/DataGrip 2021.3.4/bin, mtime 1643612227): 29 files, no impossibilities.
# C:\Program Files\Microsoft SQL Server\130\Tools\Binn\ (key C:/Program Files/Microsoft SQL Server/130/Tools/Binn/, mtime 1595163158): 4 files, no impossibilities.
# C:\Windows (key C:/Windows, mtime 1655398038): 129 files, no impossibilities.
# C:\Program Files\Amazon Corretto\jdk1.8.0_322\bin (key C:/Program Files/Amazon Corretto/jdk1.8.0_322/bin, mtime 1649662326): 55 files, no impossibilities.
# C:\Program Files\JetBrains\CLion 2021.3.2\bin (key C:/Program Files/JetBrains/CLion 2021.3.2/bin, mtime 1642751493): 37 files, no impossibilities.
# C:\Program Files\Microsoft SQL Server\Client SDK\ODBC\170\Tools\Binn\ (key C:/Program Files/Microsoft SQL Server/Client SDK/ODBC/170/Tools/Binn/, mtime 1622212722): 7 files, no impossibilities.
# C:\Users\anugr\AppData\Local\Programs\Microsoft VS Code\bin (key C:/Users/anugr/AppData/Local/Programs/Microsoft VS Code/bin, mtime 1655337630): 4 files, no impossibilities.
# C:\Users\anugr\AppData\Roaming\cabal\bin: could not be stat'd.
# C:\tools\msys64 (key C:/tools/msys64, mtime 1612341522): 27 files, no impossibilities.
# C:\Users\anugr\AppData\Roaming\npm (key C:/Users/anugr/AppData/Roaming/npm, mtime 1634885584): 15 files, no impossibilities.
# C:\Users\anugr\.dotnet\tools: could not be stat'd.
# C:\ProgramData\chocolatey\lib\ghc\tools\ghc-8.10.3\bin (key C:/ProgramData/chocolatey/lib/ghc/tools/ghc-8.10.3/bin, mtime 1612341437): 28 files, no impossibilities.
# C:\Program Files (x86)\dotnet\ (key C:/Program Files (x86)/dotnet/, mtime 1655358845): 8 files, no impossibilities.
# C:\ProgramData\DockerDesktop\version-bin: could not be stat'd.
# C:\Users\anugr\AppData\Roaming\Composer\vendor\bin: could not be stat'd.
# C:\Program Files\Git\cmd (key C:/Program Files/Git/cmd, mtime 1648720145): 8 files, no impossibilities.
# C:\Windows\system32 (key C:/Windows/system32, mtime 1656330963): 3050 files, no impossibilities.
# C:\Program Files\swipl\bin (key C:/Program Files/swipl/bin, mtime 1635146341): 67 files, no impossibilities.
# C:\Program Files\CMake\bin (key C:/Program Files/CMake/bin, mtime 1636529778): 7 files, no impossibilities.
# C:\Users\anugr\AppData\Local\GitHubDesktop\bin (key C:/Users/anugr/AppData/Local/GitHubDesktop/bin, mtime 1635137809): 4 files, no impossibilities.
# C:\Users\anugr\AppData\Local\Microsoft\WindowsApps (key C:/Users/anugr/AppData/Local/Microsoft/WindowsApps, mtime 1656730998): 18 files, no impossibilities.
# C:\Program Files\NVIDIA Corporation\NVIDIA NvDLISR (key C:/Program Files/NVIDIA Corporation/NVIDIA NvDLISR, mtime 1572541747): 5 files, no impossibilities.
# C:\Program Files (x86)\GnuWin32\bin (key C:/Program Files (x86)/GnuWin32/bin, mtime 1636508542): 5 files, no impossibilities.

# 4262 files, no impossibilities in 46 directories.

# Implicit Rules

# No implicit rules.

# Files

# Not a target:
all:
#  Command-line target.
#  Implicit rule search has not been done.
#  Modification time never checked.
#  File has not been updated.

# Not a target:
.DEFAULT:
#  Implicit rule search has not been done.
#  Modification time never checked.
#  File has not been updated.

# Not a target:
c:\Users\anugr\Narumi-SISTERs\src:
#  Implicit rule search has been done.
#  File does not exist.
#  File has not been updated.
# variable set hash-table stats:
# Load=0/32=0%, Rehash=0, Collisions=0/0=0%

# Not a target:
.SUFFIXES:
#  Implicit rule search has not been done.
#  Modification time never checked.
#  File has not been updated.

# files hash-table stats:
# Load=4/1024=0%, Rehash=0, Collisions=0/15=0%
# VPATH Search Paths

# No `vpath' search paths.

# No general (`VPATH' variable) search path.

# # of strings in strcache: 1
# # of strcache buffers: 1
# strcache size: total = 4096 / max = 4096 / min = 4096 / avg = 4096
# strcache free: total = 4062 / max = 4062 / min = 4062 / avg = 4062

# Finished Make data base on Sun Jul 03 11:58:12 2022

 
